#
# There is insufficient memory for the Java Runtime Environment to continue.
# Native memory allocation (mmap) failed to map 264241152 bytes for Failed to commit area from 0x0000000704400000 to 0x0000000714000000 of length 264241152.
# Possible reasons:
#   The system is out of physical RAM or swap space
#   The process is running with CompressedOops enabled, and the Java Heap may be blocking the growth of the native heap
# Possible solutions:
#   Reduce memory load on the system
#   Increase physical memory or swap space
#   Check if swap backing store is full
#   Decrease Java heap size (-Xmx/-Xms)
#   Decrease number of Java threads
#   Decrease Java thread stack sizes (-Xss)
#   Set larger code cache with -XX:ReservedCodeCacheSize=
# This output file may be truncated or incomplete.
#
#  Out of Memory Error (./open/src/hotspot/os/windows/os_windows.cpp:3273), pid=27600, tid=35064
#
# JRE version:  (11.0.12+8) (build )
# Java VM: Java HotSpot(TM) 64-Bit Server VM (11.0.12+8-LTS-237, mixed mode, sharing, tiered, compressed oops, g1 gc, windows-amd64)
# No core dump will be written. Minidumps are not enabled by default on client versions of Windows
#

---------------  S U M M A R Y ------------

Command Line: -Dmaven.multiModuleProjectDirectory=D:\Temporary TIP\main_branch\micros-service-simulator\ServiceC -Dmaven.home=C:\Program Files\JetBrains\IntelliJ IDEA 2022.1\plugins\maven\lib\maven3 -Dclassworlds.conf=C:\Program Files\JetBrains\IntelliJ IDEA 2022.1\plugins\maven\lib\maven3\bin\m2.conf -Dmaven.ext.class.path=C:\Program Files\JetBrains\IntelliJ IDEA 2022.1\plugins\maven\lib\maven-event-listener.jar -javaagent:C:\Program Files\JetBrains\IntelliJ IDEA 2022.1\lib\idea_rt.jar=56387:C:\Program Files\JetBrains\IntelliJ IDEA 2022.1\bin -Dfile.encoding=UTF-8 org.codehaus.classworlds.Launcher -Didea.version=2022.1 clean

Host: 11th Gen Intel(R) Core(TM) i5-1135G7 @ 2.40GHz, 8 cores, 15G,  Windows 10 , 64 bit Build 22000 (10.0.22000.613)
Time: Thu May 12 15:05:36 2022 AUS Eastern Standard Time elapsed time: 0.032671 seconds (0d 0h 0m 0s)

---------------  T H R E A D  ---------------

Current thread (0x00000267a79b2800):  JavaThread "Unknown thread" [_thread_in_vm, id=35064, stack(0x000000f963700000,0x000000f963800000)]

Stack: [0x000000f963700000,0x000000f963800000]
Native frames: (J=compiled Java code, j=interpreted, Vv=VM code, C=native code)
V  [jvm.dll+0x617d9a]
V  [jvm.dll+0x74eeef]
V  [jvm.dll+0x750599]
V  [jvm.dll+0x750c23]
V  [jvm.dll+0x2438d8]
V  [jvm.dll+0x61518a]
V  [jvm.dll+0x609f45]
V  [jvm.dll+0x2f85cc]
V  [jvm.dll+0x2f8452]
V  [jvm.dll+0x2fd106]
V  [jvm.dll+0x33f6ef]
V  [jvm.dll+0x33f120]
V  [jvm.dll+0x2d5ca8]
V  [jvm.dll+0x2d6e06]
V  [jvm.dll+0x72a977]
V  [jvm.dll+0x72c21f]
V  [jvm.dll+0x34c469]
V  [jvm.dll+0x710400]
V  [jvm.dll+0x3b5baf]
V  [jvm.dll+0x3b7cb1]
C  [jli.dll+0x520b]
C  [ucrtbase.dll+0x26c0c]
C  [KERNEL32.DLL+0x154e0]
C  [ntdll.dll+0x485b]


---------------  P R O C E S S  ---------------

Threads class SMR info:
_java_thread_list=0x00000267a5786600, length=0, elements={
}

Java Threads: ( => current thread )

Other Threads:
  0x00000267a79c7000 GCTaskThread "GC Thread#0" [stack: 0x000000f963800000,0x000000f963900000] [id=11144]
  0x00000267a7a1f000 ConcurrentGCThread "G1 Main Marker" [stack: 0x000000f963900000,0x000000f963a00000] [id=26896]
  0x00000267a7a20800 ConcurrentGCThread "G1 Conc#0" [stack: 0x000000f963a00000,0x000000f963b00000] [id=25756]

[error occurred during error reporting (printing all threads), id 0xc0000005, EXCEPTION_ACCESS_VIOLATION (0xc0000005) at pc=0x00007ffb4ebb4f37]

VM state:not at safepoint (not fully initialized)

VM Mutex/Monitor currently owned by a thread:  ([mutex/lock_event])
[0x00000267a79addc0] Heap_lock - owner thread: 0x00000267a79b2800

Heap address: 0x0000000704400000, size: 4028 MB, Compressed Oops mode: Non-zero based: 0x0000000704400000
Narrow klass base: 0x0000000000000000, Narrow klass shift: 0

GC Heap History (0 events):
No events

Deoptimization events (0 events):
No events

Classes redefined (0 events):
No events

Internal exceptions (0 events):
No events

Events (0 events):
No events


Dynamic libraries:
0x00007ff7aa790000 - 0x00007ff7aa79f000 	C:\Program Files\Java\jdk-11.0.12\bin\java.exe
0x00007ffbc73a0000 - 0x00007ffbc75a9000 	C:\WINDOWS\SYSTEM32\ntdll.dll
0x00007ffbc6c30000 - 0x00007ffbc6ced000 	C:\WINDOWS\System32\KERNEL32.DLL
0x00007ffbc4ba0000 - 0x00007ffbc4f14000 	C:\WINDOWS\System32\KERNELBASE.dll
0x00007ffbc5120000 - 0x00007ffbc5231000 	C:\WINDOWS\System32\ucrtbase.dll
0x00007ffbad990000 - 0x00007ffbad9a5000 	C:\Program Files\Java\jdk-11.0.12\bin\VCRUNTIME140.dll
0x00007ffbaea50000 - 0x00007ffbaea68000 	C:\Program Files\Java\jdk-11.0.12\bin\jli.dll
0x00007ffbc5bd0000 - 0x00007ffbc5c7e000 	C:\WINDOWS\System32\ADVAPI32.dll
0x00007ffbc5d30000 - 0x00007ffbc5dd3000 	C:\WINDOWS\System32\msvcrt.dll
0x00007ffbc5240000 - 0x00007ffbc52de000 	C:\WINDOWS\System32\sechost.dll
0x00007ffbc71a0000 - 0x00007ffbc72c0000 	C:\WINDOWS\System32\RPCRT4.dll
0x00007ffbc6f80000 - 0x00007ffbc712c000 	C:\WINDOWS\System32\USER32.dll
0x00007ffbc50f0000 - 0x00007ffbc5116000 	C:\WINDOWS\System32\win32u.dll
0x00007ffbc5ff0000 - 0x00007ffbc6019000 	C:\WINDOWS\System32\GDI32.dll
0x00007ffbc4a00000 - 0x00007ffbc4b12000 	C:\WINDOWS\System32\gdi32full.dll
0x00007ffbc5050000 - 0x00007ffbc50ed000 	C:\WINDOWS\System32\msvcp_win.dll
0x00007ffba1f60000 - 0x00007ffba2205000 	C:\WINDOWS\WinSxS\amd64_microsoft.windows.common-controls_6595b64144ccf1df_6.0.22000.120_none_9d947278b86cc467\COMCTL32.dll
0x00007ffbb4260000 - 0x00007ffbb426a000 	C:\WINDOWS\SYSTEM32\VERSION.dll
0x00007ffbc5a90000 - 0x00007ffbc5ac1000 	C:\WINDOWS\System32\IMM32.DLL
0x00007ffb9f040000 - 0x00007ffb9f0db000 	C:\Program Files\Java\jdk-11.0.12\bin\msvcp140.dll
0x00007ffb4e8d0000 - 0x00007ffb4f3cf000 	C:\Program Files\Java\jdk-11.0.12\bin\server\jvm.dll
0x00007ffbc6740000 - 0x00007ffbc6748000 	C:\WINDOWS\System32\PSAPI.DLL
0x00007ffbc25b0000 - 0x00007ffbc25e3000 	C:\WINDOWS\SYSTEM32\WINMM.dll
0x00007ffb9f000000 - 0x00007ffb9f009000 	C:\WINDOWS\SYSTEM32\WSOCK32.dll
0x00007ffbc6bc0000 - 0x00007ffbc6c2f000 	C:\WINDOWS\System32\WS2_32.dll
0x00007ffbc39d0000 - 0x00007ffbc39e8000 	C:\WINDOWS\SYSTEM32\kernel.appcore.dll
0x00007ffbaee50000 - 0x00007ffbaee60000 	C:\Program Files\Java\jdk-11.0.12\bin\verify.dll
0x00007ffbc21e0000 - 0x00007ffbc2401000 	C:\WINDOWS\SYSTEM32\DBGHELP.DLL
0x00007ffbc2570000 - 0x00007ffbc25a1000 	C:\WINDOWS\SYSTEM32\dbgcore.DLL
0x00007ffbc4b20000 - 0x00007ffbc4b9f000 	C:\WINDOWS\System32\bcryptPrimitives.dll
0x00007ffbaa410000 - 0x00007ffbaa438000 	C:\Program Files\Java\jdk-11.0.12\bin\java.dll
0x00007ffbad980000 - 0x00007ffbad98a000 	C:\Program Files\Java\jdk-11.0.12\bin\jimage.dll
0x00007ffbb9600000 - 0x00007ffbb960e000 	C:\Program Files\Java\jdk-11.0.12\bin\instrument.dll
0x00007ffbad830000 - 0x00007ffbad846000 	C:\Program Files\Java\jdk-11.0.12\bin\zip.dll

dbghelp: loaded successfully - version: 4.0.5 - missing functions: none
symbol engine: initialized successfully - sym options: 0x614 - pdb path: .;C:\Program Files\Java\jdk-11.0.12\bin;C:\WINDOWS\SYSTEM32;C:\WINDOWS\WinSxS\amd64_microsoft.windows.common-controls_6595b64144ccf1df_6.0.22000.120_none_9d947278b86cc467;C:\Program Files\Java\jdk-11.0.12\bin\server

VM Arguments:
jvm_args: -Dmaven.multiModuleProjectDirectory=D:\Temporary TIP\main_branch\micros-service-simulator\ServiceC -Dmaven.home=C:\Program Files\JetBrains\IntelliJ IDEA 2022.1\plugins\maven\lib\maven3 -Dclassworlds.conf=C:\Program Files\JetBrains\IntelliJ IDEA 2022.1\plugins\maven\lib\maven3\bin\m2.conf -Dmaven.ext.class.path=C:\Program Files\JetBrains\IntelliJ IDEA 2022.1\plugins\maven\lib\maven-event-listener.jar -javaagent:C:\Program Files\JetBrains\IntelliJ IDEA 2022.1\lib\idea_rt.jar=56387:C:\Program Files\JetBrains\IntelliJ IDEA 2022.1\bin -Dfile.encoding=UTF-8 
java_command: org.codehaus.classworlds.Launcher -Didea.version=2022.1 clean
java_class_path (initial): C:\Program Files\JetBrains\IntelliJ IDEA 2022.1\plugins\maven\lib\maven3\boot\plexus-classworlds-2.6.0.jar;C:\Program Files\JetBrains\IntelliJ IDEA 2022.1\plugins\maven\lib\maven3\boot\plexus-classworlds.license
Launcher Type: SUN_STANDARD

[Global flags]
     intx CICompilerCount                          = 4                                         {product} {ergonomic}
     uint ConcGCThreads                            = 2                                         {product} {ergonomic}
     uint G1ConcRefinementThreads                  = 8                                         {product} {ergonomic}
   size_t G1HeapRegionSize                         = 1048576                                   {product} {ergonomic}
    uintx GCDrainStackTargetSize                   = 64                                        {product} {ergonomic}
   size_t InitialHeapSize                          = 264241152                                 {product} {ergonomic}
   size_t MarkStackSize                            = 4194304                                   {product} {ergonomic}
   size_t MaxHeapSize                              = 4223664128                                {product} {ergonomic}
   size_t MinHeapDeltaBytes                        = 1048576                                   {product} {ergonomic}
    uintx NonNMethodCodeHeapSize                   = 5836300                                {pd product} {ergonomic}
    uintx NonProfiledCodeHeapSize                  = 122910970                              {pd product} {ergonomic}
    uintx ProfiledCodeHeapSize                     = 122910970                              {pd product} {ergonomic}
    uintx ReservedCodeCacheSize                    = 251658240                              {pd product} {ergonomic}
     bool SegmentedCodeCache                       = true                                      {product} {ergonomic}
     bool UseCompressedClassPointers               = true                                 {lp64_product} {ergonomic}
     bool UseCompressedOops                        = true                                 {lp64_product} {ergonomic}
     bool UseG1GC                                  = true                                      {product} {ergonomic}
     bool UseLargePagesIndividualAllocation        = false                                  {pd product} {ergonomic}

Logging:
Log output configuration:
 #0: stdout all=warning uptime,level,tags
 #1: stderr all=off uptime,level,tags

Environment Variables:
PATH=C:\Program Files\NVIDIA GPU Computing Toolkit\CUDA\v11.5\bin;C:\Program Files\NVIDIA GPU Computing Toolkit\CUDA\v11.5\libnvvp;C:\Program Files\Common Files\Oracle\Java\javapath;C:\WINDOWS\system32;C:\WINDOWS;C:\WINDOWS\System32\Wbem;C:\WINDOWS\System32\WindowsPowerShell\v1.0\;C:\WINDOWS\System32\OpenSSH\;C:\Program Files (x86)\PuTTY\;C:\Program Files\nodejs\;C:\Program Files\dotnet\;C:\Program Files (x86)\Windows Kits\8.1\Windows Performance Toolkit\;C:\Program Files\Microsoft SQL Server\110\Tools\Binn\;C:\Program Files (x86)\Microsoft SDKs\TypeScript\1.0\;C:\Program Files\Microsoft SQL Server\120\Tools\Binn\;C:\Program Files\Docker\Docker\resources\bin;C:\ProgramData\DockerDesktop\version-bin;C:\Program Files\Git\cmd;C:\Program Files\NVIDIA Corporation\Nsight Compute 2021.3.1\;C:\Program Files (x86)\NVIDIA Corporation\PhysX\Common;C:\Program Files (x86)\ZED SDK\dependencies\freeglut_2.8\x64;C:\Program Files (x86)\ZED SDK\dependencies\glew-1.12.0\x64;C:\Program Files (x86)\ZED SDK\dependencies\opencv_3.1.0\x64;C:\Program Files (x86)\ZED SDK\bin;D:\Kubernetes;C:\Users\Dell\.amplify\bin;C:\Program Files\MySQL\MySQL Shell 8.0\bin\;C:\Users\Dell\AppData\Local\Programs\Python\Python39\Scripts\;C:\Users\Dell\AppData\Local\Programs\Python\Python39\;C:\Users\Dell\AppData\Local\Microsoft\WindowsApps;C:\Program Files\Java\jdk-11.0.12\bin;C:\Users\Dell\AppData\Roaming\npm;;c:\dapr;C:\Users\Dell\.dapr\bin;C:\Users\Dell\.dapr\bin
USERNAME=Dell
OS=Windows_NT
PROCESSOR_IDENTIFIER=Intel64 Family 6 Model 140 Stepping 1, GenuineIntel



---------------  S Y S T E M  ---------------

OS: Windows 10 , 64 bit Build 22000 (10.0.22000.613)
Hyper-V role detected

CPU:total 8 (initial active 8) (4 cores per cpu, 2 threads per core) family 6 model 140 stepping 1 microcode 0xa4, cmov, cx8, fxsr, mmx, sse, sse2, sse3, ssse3, sse4.1, sse4.2, popcnt, avx, avx2, aes, clmul, erms, 3dnowpref, lzcnt, ht, tsc, tscinvbit, bmi1, bmi2, adx, evex, sha, fma

Memory: 4k page, system-wide physical 16106M (1895M free)
TotalPageFile size 28272M (AvailPageFile size 186M)
current process WorkingSet (physical memory assigned to process): 10M, peak: 10M
current process commit charge ("private bytes"): 60M, peak: 312M

vm_info: Java HotSpot(TM) 64-Bit Server VM (11.0.12+8-LTS-237) for windows-amd64 JRE (11.0.12+8-LTS-237), built on Jun  8 2021 11:25:59 by "mach5one" with MS VC++ 15.9 (VS2017)

END.
