#
# There is insufficient memory for the Java Runtime Environment to continue.
# Native memory allocation (malloc) failed to allocate 947696 bytes for Chunk::new
# Possible reasons:
#   The system is out of physical RAM or swap space
#   The process is running with CompressedOops enabled, and the Java Heap may be blocking the growth of the native heap
# Possible solutions:
#   Reduce memory load on the system
#   Increase physical memory or swap space
#   Check if swap backing store is full
#   Decrease Java heap size (-Xmx/-Xms)
#   Decrease number of Java threads
#   Decrease Java thread stack sizes (-Xss)
#   Set larger code cache with -XX:ReservedCodeCacheSize=
#   JVM is running with Zero Based Compressed Oops mode in which the Java heap is
#     placed in the first 32GB address space. The Java Heap base address is the
#     maximum limit for the native heap growth. Please use -XX:HeapBaseMinAddress
#     to set the Java Heap base and to place the Java Heap above 32GB virtual address.
# This output file may be truncated or incomplete.
#
#  Out of Memory Error (./open/src/hotspot/share/memory/arena.cpp:197), pid=10988, tid=6560
#
# JRE version: Java(TM) SE Runtime Environment 18.9 (11.0.12+8) (build 11.0.12+8-LTS-237)
# Java VM: Java HotSpot(TM) 64-Bit Server VM 18.9 (11.0.12+8-LTS-237, mixed mode, tiered, compressed oops, g1 gc, windows-amd64)
# No core dump will be written. Minidumps are not enabled by default on client versions of Windows
#

---------------  S U M M A R Y ------------

Command Line: -Dmaven.multiModuleProjectDirectory=D:\Temporary TIP\main_branch\micros-service-simulator\ServiceC -Dmaven.home=C:\Program Files\JetBrains\IntelliJ IDEA 2022.1\plugins\maven\lib\maven3 -Dclassworlds.conf=C:\Program Files\JetBrains\IntelliJ IDEA 2022.1\plugins\maven\lib\maven3\bin\m2.conf -Dmaven.ext.class.path=C:\Program Files\JetBrains\IntelliJ IDEA 2022.1\plugins\maven\lib\maven-event-listener.jar -javaagent:C:\Program Files\JetBrains\IntelliJ IDEA 2022.1\lib\idea_rt.jar=56404:C:\Program Files\JetBrains\IntelliJ IDEA 2022.1\bin -Dfile.encoding=UTF-8 org.codehaus.classworlds.Launcher -Didea.version=2022.1 install

Host: 11th Gen Intel(R) Core(TM) i5-1135G7 @ 2.40GHz, 8 cores, 15G,  Windows 10 , 64 bit Build 22000 (10.0.22000.613)
Time: Thu May 12 15:06:19 2022 AUS Eastern Standard Time elapsed time: 11.312655 seconds (0d 0h 0m 11s)

---------------  T H R E A D  ---------------

Current thread (0x000001d337ba8800):  JavaThread "C2 CompilerThread2" daemon [_thread_in_native, id=6560, stack(0x0000002e8d500000,0x0000002e8d600000)]


Current CompileTask:
C2:  11312 4853   !   4       jdk.nio.zipfs.ZipFileSystem::getFileAttributes (95 bytes)

Stack: [0x0000002e8d500000,0x0000002e8d600000]
Native frames: (J=compiled Java code, j=interpreted, Vv=VM code, C=native code)
V  [jvm.dll+0x617d9a]
V  [jvm.dll+0x74eeef]
V  [jvm.dll+0x750599]
V  [jvm.dll+0x750c23]
V  [jvm.dll+0x2438d8]
V  [jvm.dll+0xba6dc]
V  [jvm.dll+0xbac9c]
V  [jvm.dll+0x3469b7]
V  [jvm.dll+0x194071]
V  [jvm.dll+0x1fd212]
V  [jvm.dll+0x1fc2ed]
V  [jvm.dll+0x17f18c]
V  [jvm.dll+0x20b87c]
V  [jvm.dll+0x20997b]
V  [jvm.dll+0x716359]
V  [jvm.dll+0x70f064]
V  [jvm.dll+0x616f66]
C  [ucrtbase.dll+0x26c0c]
C  [KERNEL32.DLL+0x154e0]
C  [ntdll.dll+0x485b]


---------------  P R O C E S S  ---------------

Threads class SMR info:
_java_thread_list=0x000001d339d01ae0, length=13, elements={
0x000001d31254c800, 0x000001d335e18000, 0x000001d335e1a800, 0x000001d33672a800,
0x000001d33672d800, 0x000001d33672f000, 0x000001d336734000, 0x000001d33673a000,
0x000001d335e45800, 0x000001d3366d0800, 0x000001d33692f800, 0x000001d3388d9800,
0x000001d337ba8800
}

Java Threads: ( => current thread )
  0x000001d31254c800 JavaThread "main" [_thread_in_native, id=12648, stack(0x0000002e8c200000,0x0000002e8c300000)]
  0x000001d335e18000 JavaThread "Reference Handler" daemon [_thread_blocked, id=5168, stack(0x0000002e8c900000,0x0000002e8ca00000)]
  0x000001d335e1a800 JavaThread "Finalizer" daemon [_thread_blocked, id=5860, stack(0x0000002e8ca00000,0x0000002e8cb00000)]
  0x000001d33672a800 JavaThread "Signal Dispatcher" daemon [_thread_blocked, id=14632, stack(0x0000002e8cb00000,0x0000002e8cc00000)]
  0x000001d33672d800 JavaThread "Attach Listener" daemon [_thread_blocked, id=3200, stack(0x0000002e8cc00000,0x0000002e8cd00000)]
  0x000001d33672f000 JavaThread "Service Thread" daemon [_thread_blocked, id=33428, stack(0x0000002e8cd00000,0x0000002e8ce00000)]
  0x000001d336734000 JavaThread "C2 CompilerThread0" daemon [_thread_in_native, id=36596, stack(0x0000002e8ce00000,0x0000002e8cf00000)]
  0x000001d33673a000 JavaThread "C1 CompilerThread0" daemon [_thread_blocked, id=16640, stack(0x0000002e8cf00000,0x0000002e8d000000)]
  0x000001d335e45800 JavaThread "Sweeper thread" daemon [_thread_blocked, id=35740, stack(0x0000002e8d000000,0x0000002e8d100000)]
  0x000001d3366d0800 JavaThread "Common-Cleaner" daemon [_thread_blocked, id=22628, stack(0x0000002e8d100000,0x0000002e8d200000)]
  0x000001d33692f800 JavaThread "Monitor Ctrl-Break" daemon [_thread_in_native, id=1184, stack(0x0000002e8d300000,0x0000002e8d400000)]
  0x000001d3388d9800 JavaThread "C2 CompilerThread1" daemon [_thread_in_native, id=3348, stack(0x0000002e8d200000,0x0000002e8d300000)]
=>0x000001d337ba8800 JavaThread "C2 CompilerThread2" daemon [_thread_in_native, id=6560, stack(0x0000002e8d500000,0x0000002e8d600000)]

Other Threads:
  0x000001d335e16800 VMThread "VM Thread" [stack: 0x0000002e8c800000,0x0000002e8c900000] [id=17056]
  0x000001d336b58800 WatcherThread [stack: 0x0000002e8d400000,0x0000002e8d500000] [id=35188]
  0x000001d31255f800 GCTaskThread "GC Thread#0" [stack: 0x0000002e8c300000,0x0000002e8c400000] [id=9788]
  0x000001d337dae800 GCTaskThread "GC Thread#1" [stack: 0x0000002e8d600000,0x0000002e8d700000] [id=31756]
  0x000001d33734e800 GCTaskThread "GC Thread#2" [stack: 0x0000002e8d700000,0x0000002e8d800000] [id=18996]
  0x000001d336fb2800 GCTaskThread "GC Thread#3" [stack: 0x0000002e8d800000,0x0000002e8d900000] [id=3656]
  0x000001d336fb3000 GCTaskThread "GC Thread#4" [stack: 0x0000002e8d900000,0x0000002e8da00000] [id=5952]
  0x000001d337edf800 GCTaskThread "GC Thread#5" [stack: 0x0000002e8da00000,0x0000002e8db00000] [id=36356]
  0x000001d3125bd800 ConcurrentGCThread "G1 Main Marker" [stack: 0x0000002e8c400000,0x0000002e8c500000] [id=5772]
  0x000001d3125bf000 ConcurrentGCThread "G1 Conc#0" [stack: 0x0000002e8c500000,0x0000002e8c600000] [id=10680]
  0x000001d337f21800 ConcurrentGCThread "G1 Conc#1" [stack: 0x0000002e8db00000,0x0000002e8dc00000] [id=13588]
  0x000001d31262e800 ConcurrentGCThread "G1 Refine#0" [stack: 0x0000002e8c600000,0x0000002e8c700000] [id=17176]
  0x000001d335d06000 ConcurrentGCThread "G1 Young RemSet Sampling" [stack: 0x0000002e8c700000,0x0000002e8c800000] [id=25044]

Threads with active compile tasks:
C2 CompilerThread1  11356 4874       4       java.time.zone.ZoneRules::getOffsetInfo (278 bytes)
C2 CompilerThread2  11356 4853   !   4       jdk.nio.zipfs.ZipFileSystem::getFileAttributes (95 bytes)

VM state:not at safepoint (normal execution)

VM Mutex/Monitor currently owned by a thread: None

Heap address: 0x0000000704400000, size: 4028 MB, Compressed Oops mode: Zero based, Oop shift amount: 3
Narrow klass base: 0x0000000800000000, Narrow klass shift: 0
Compressed class space size: 1073741824 Address: 0x0000000800000000

Heap:
 garbage-first heap   total 258048K, used 44006K [0x0000000704400000, 0x0000000800000000)
  region size 1024K, 38 young (38912K), 10 survivors (10240K)
 Metaspace       used 31936K, capacity 32566K, committed 32688K, reserved 1079296K
  class space    used 3369K, capacity 3564K, committed 3584K, reserved 1048576K
Heap Regions: E=young(eden), S=young(survivor), O=old, HS=humongous(starts), HC=humongous(continues), CS=collection set, F=free, A=archive, TAMS=top-at-mark-start (previous, next)
|   0|0x0000000704400000, 0x0000000704500000, 0x0000000704500000|100%| O|  |TAMS 0x00000007044ece00, 0x0000000704400000| Untracked 
|   1|0x0000000704500000, 0x0000000704600000, 0x0000000704600000|100%| O|  |TAMS 0x0000000704500000, 0x0000000704500000| Untracked 
|   2|0x0000000704600000, 0x0000000704700000, 0x0000000704700000|100%| O|  |TAMS 0x0000000704600000, 0x0000000704600000| Untracked 
|   3|0x0000000704700000, 0x0000000704800000, 0x0000000704800000|100%| O|  |TAMS 0x0000000704700000, 0x0000000704700000| Untracked 
|   4|0x0000000704800000, 0x0000000704900000, 0x0000000704900000|100%| O|  |TAMS 0x0000000704800000, 0x0000000704800000| Untracked 
|   5|0x0000000704900000, 0x0000000704a00000, 0x0000000704a00000|100%| O|  |TAMS 0x0000000704900000, 0x0000000704900000| Untracked 
|   6|0x0000000704a00000, 0x0000000704abea00, 0x0000000704b00000| 74%| O|  |TAMS 0x0000000704a00000, 0x0000000704a00000| Untracked 
|   7|0x0000000704b00000, 0x0000000704b00000, 0x0000000704c00000|  0%| F|  |TAMS 0x0000000704b00000, 0x0000000704b00000| Untracked 
|   8|0x0000000704c00000, 0x0000000704c00000, 0x0000000704d00000|  0%| F|  |TAMS 0x0000000704c00000, 0x0000000704c00000| Untracked 
|   9|0x0000000704d00000, 0x0000000704d00000, 0x0000000704e00000|  0%| F|  |TAMS 0x0000000704d00000, 0x0000000704d00000| Untracked 
|  10|0x0000000704e00000, 0x0000000704e00000, 0x0000000704f00000|  0%| F|  |TAMS 0x0000000704e00000, 0x0000000704e00000| Untracked 
|  11|0x0000000704f00000, 0x0000000704f00000, 0x0000000705000000|  0%| F|  |TAMS 0x0000000704f00000, 0x0000000704f00000| Untracked 
|  12|0x0000000705000000, 0x0000000705000000, 0x0000000705100000|  0%| F|  |TAMS 0x0000000705000000, 0x0000000705000000| Untracked 
|  13|0x0000000705100000, 0x0000000705100000, 0x0000000705200000|  0%| F|  |TAMS 0x0000000705100000, 0x0000000705100000| Untracked 
|  14|0x0000000705200000, 0x0000000705200000, 0x0000000705300000|  0%| F|  |TAMS 0x0000000705200000, 0x0000000705200000| Untracked 
|  15|0x0000000705300000, 0x0000000705300000, 0x0000000705400000|  0%| F|  |TAMS 0x0000000705300000, 0x0000000705300000| Untracked 
|  16|0x0000000705400000, 0x0000000705400000, 0x0000000705500000|  0%| F|  |TAMS 0x0000000705400000, 0x0000000705400000| Untracked 
|  17|0x0000000705500000, 0x0000000705500000, 0x0000000705600000|  0%| F|  |TAMS 0x0000000705500000, 0x0000000705500000| Untracked 
|  18|0x0000000705600000, 0x0000000705600000, 0x0000000705700000|  0%| F|  |TAMS 0x0000000705600000, 0x0000000705600000| Untracked 
|  19|0x0000000705700000, 0x0000000705700000, 0x0000000705800000|  0%| F|  |TAMS 0x0000000705700000, 0x0000000705700000| Untracked 
|  20|0x0000000705800000, 0x0000000705800000, 0x0000000705900000|  0%| F|  |TAMS 0x0000000705800000, 0x0000000705800000| Untracked 
|  21|0x0000000705900000, 0x0000000705900000, 0x0000000705a00000|  0%| F|  |TAMS 0x0000000705900000, 0x0000000705900000| Untracked 
|  22|0x0000000705a00000, 0x0000000705a00000, 0x0000000705b00000|  0%| F|  |TAMS 0x0000000705a00000, 0x0000000705a00000| Untracked 
|  23|0x0000000705b00000, 0x0000000705b00000, 0x0000000705c00000|  0%| F|  |TAMS 0x0000000705b00000, 0x0000000705b00000| Untracked 
|  24|0x0000000705c00000, 0x0000000705c00000, 0x0000000705d00000|  0%| F|  |TAMS 0x0000000705c00000, 0x0000000705c00000| Untracked 
|  25|0x0000000705d00000, 0x0000000705d00000, 0x0000000705e00000|  0%| F|  |TAMS 0x0000000705d00000, 0x0000000705d00000| Untracked 
|  26|0x0000000705e00000, 0x0000000705e00000, 0x0000000705f00000|  0%| F|  |TAMS 0x0000000705e00000, 0x0000000705e00000| Untracked 
|  27|0x0000000705f00000, 0x0000000705f00000, 0x0000000706000000|  0%| F|  |TAMS 0x0000000705f00000, 0x0000000705f00000| Untracked 
|  28|0x0000000706000000, 0x0000000706000000, 0x0000000706100000|  0%| F|  |TAMS 0x0000000706000000, 0x0000000706000000| Untracked 
|  29|0x0000000706100000, 0x0000000706100000, 0x0000000706200000|  0%| F|  |TAMS 0x0000000706100000, 0x0000000706100000| Untracked 
|  30|0x0000000706200000, 0x0000000706200000, 0x0000000706300000|  0%| F|  |TAMS 0x0000000706200000, 0x0000000706200000| Untracked 
|  31|0x0000000706300000, 0x0000000706300000, 0x0000000706400000|  0%| F|  |TAMS 0x0000000706300000, 0x0000000706300000| Untracked 
|  32|0x0000000706400000, 0x0000000706400000, 0x0000000706500000|  0%| F|  |TAMS 0x0000000706400000, 0x0000000706400000| Untracked 
|  33|0x0000000706500000, 0x0000000706500000, 0x0000000706600000|  0%| F|  |TAMS 0x0000000706500000, 0x0000000706500000| Untracked 
|  34|0x0000000706600000, 0x0000000706600000, 0x0000000706700000|  0%| F|  |TAMS 0x0000000706600000, 0x0000000706600000| Untracked 
|  35|0x0000000706700000, 0x0000000706700000, 0x0000000706800000|  0%| F|  |TAMS 0x0000000706700000, 0x0000000706700000| Untracked 
|  36|0x0000000706800000, 0x0000000706800000, 0x0000000706900000|  0%| F|  |TAMS 0x0000000706800000, 0x0000000706800000| Untracked 
|  37|0x0000000706900000, 0x0000000706900000, 0x0000000706a00000|  0%| F|  |TAMS 0x0000000706900000, 0x0000000706900000| Untracked 
|  38|0x0000000706a00000, 0x0000000706a00000, 0x0000000706b00000|  0%| F|  |TAMS 0x0000000706a00000, 0x0000000706a00000| Untracked 
|  39|0x0000000706b00000, 0x0000000706b00000, 0x0000000706c00000|  0%| F|  |TAMS 0x0000000706b00000, 0x0000000706b00000| Untracked 
|  40|0x0000000706c00000, 0x0000000706c00000, 0x0000000706d00000|  0%| F|  |TAMS 0x0000000706c00000, 0x0000000706c00000| Untracked 
|  41|0x0000000706d00000, 0x0000000706d00000, 0x0000000706e00000|  0%| F|  |TAMS 0x0000000706d00000, 0x0000000706d00000| Untracked 
|  42|0x0000000706e00000, 0x0000000706e00000, 0x0000000706f00000|  0%| F|  |TAMS 0x0000000706e00000, 0x0000000706e00000| Untracked 
|  43|0x0000000706f00000, 0x0000000706f00000, 0x0000000707000000|  0%| F|  |TAMS 0x0000000706f00000, 0x0000000706f00000| Untracked 
|  44|0x0000000707000000, 0x0000000707000000, 0x0000000707100000|  0%| F|  |TAMS 0x0000000707000000, 0x0000000707000000| Untracked 
|  45|0x0000000707100000, 0x0000000707100000, 0x0000000707200000|  0%| F|  |TAMS 0x0000000707100000, 0x0000000707100000| Untracked 
|  46|0x0000000707200000, 0x0000000707200000, 0x0000000707300000|  0%| F|  |TAMS 0x0000000707200000, 0x0000000707200000| Untracked 
|  47|0x0000000707300000, 0x0000000707300000, 0x0000000707400000|  0%| F|  |TAMS 0x0000000707300000, 0x0000000707300000| Untracked 
|  48|0x0000000707400000, 0x0000000707400000, 0x0000000707500000|  0%| F|  |TAMS 0x0000000707400000, 0x0000000707400000| Untracked 
|  49|0x0000000707500000, 0x0000000707500000, 0x0000000707600000|  0%| F|  |TAMS 0x0000000707500000, 0x0000000707500000| Untracked 
|  50|0x0000000707600000, 0x0000000707600000, 0x0000000707700000|  0%| F|  |TAMS 0x0000000707600000, 0x0000000707600000| Untracked 
|  51|0x0000000707700000, 0x0000000707700000, 0x0000000707800000|  0%| F|  |TAMS 0x0000000707700000, 0x0000000707700000| Untracked 
|  52|0x0000000707800000, 0x0000000707800000, 0x0000000707900000|  0%| F|  |TAMS 0x0000000707800000, 0x0000000707800000| Untracked 
|  53|0x0000000707900000, 0x0000000707900000, 0x0000000707a00000|  0%| F|  |TAMS 0x0000000707900000, 0x0000000707900000| Untracked 
|  54|0x0000000707a00000, 0x0000000707a00000, 0x0000000707b00000|  0%| F|  |TAMS 0x0000000707a00000, 0x0000000707a00000| Untracked 
|  55|0x0000000707b00000, 0x0000000707b00000, 0x0000000707c00000|  0%| F|  |TAMS 0x0000000707b00000, 0x0000000707b00000| Untracked 
|  56|0x0000000707c00000, 0x0000000707c00000, 0x0000000707d00000|  0%| F|  |TAMS 0x0000000707c00000, 0x0000000707c00000| Untracked 
|  57|0x0000000707d00000, 0x0000000707d00000, 0x0000000707e00000|  0%| F|  |TAMS 0x0000000707d00000, 0x0000000707d00000| Untracked 
|  58|0x0000000707e00000, 0x0000000707e00000, 0x0000000707f00000|  0%| F|  |TAMS 0x0000000707e00000, 0x0000000707e00000| Untracked 
|  59|0x0000000707f00000, 0x0000000707f00000, 0x0000000708000000|  0%| F|  |TAMS 0x0000000707f00000, 0x0000000707f00000| Untracked 
|  60|0x0000000708000000, 0x0000000708000000, 0x0000000708100000|  0%| F|  |TAMS 0x0000000708000000, 0x0000000708000000| Untracked 
|  61|0x0000000708100000, 0x0000000708100000, 0x0000000708200000|  0%| F|  |TAMS 0x0000000708100000, 0x0000000708100000| Untracked 
|  62|0x0000000708200000, 0x0000000708200000, 0x0000000708300000|  0%| F|  |TAMS 0x0000000708200000, 0x0000000708200000| Untracked 
|  63|0x0000000708300000, 0x0000000708300000, 0x0000000708400000|  0%| F|  |TAMS 0x0000000708300000, 0x0000000708300000| Untracked 
|  64|0x0000000708400000, 0x0000000708400000, 0x0000000708500000|  0%| F|  |TAMS 0x0000000708400000, 0x0000000708400000| Untracked 
|  65|0x0000000708500000, 0x0000000708500000, 0x0000000708600000|  0%| F|  |TAMS 0x0000000708500000, 0x0000000708500000| Untracked 
|  66|0x0000000708600000, 0x0000000708600000, 0x0000000708700000|  0%| F|  |TAMS 0x0000000708600000, 0x0000000708600000| Untracked 
|  67|0x0000000708700000, 0x0000000708700000, 0x0000000708800000|  0%| F|  |TAMS 0x0000000708700000, 0x0000000708700000| Untracked 
|  68|0x0000000708800000, 0x0000000708800000, 0x0000000708900000|  0%| F|  |TAMS 0x0000000708800000, 0x0000000708800000| Untracked 
|  69|0x0000000708900000, 0x0000000708900000, 0x0000000708a00000|  0%| F|  |TAMS 0x0000000708900000, 0x0000000708900000| Untracked 
|  70|0x0000000708a00000, 0x0000000708a00000, 0x0000000708b00000|  0%| F|  |TAMS 0x0000000708a00000, 0x0000000708a00000| Untracked 
|  71|0x0000000708b00000, 0x0000000708b00000, 0x0000000708c00000|  0%| F|  |TAMS 0x0000000708b00000, 0x0000000708b00000| Untracked 
|  72|0x0000000708c00000, 0x0000000708c00000, 0x0000000708d00000|  0%| F|  |TAMS 0x0000000708c00000, 0x0000000708c00000| Untracked 
|  73|0x0000000708d00000, 0x0000000708d00000, 0x0000000708e00000|  0%| F|  |TAMS 0x0000000708d00000, 0x0000000708d00000| Untracked 
|  74|0x0000000708e00000, 0x0000000708e00000, 0x0000000708f00000|  0%| F|  |TAMS 0x0000000708e00000, 0x0000000708e00000| Untracked 
|  75|0x0000000708f00000, 0x0000000708f00000, 0x0000000709000000|  0%| F|  |TAMS 0x0000000708f00000, 0x0000000708f00000| Untracked 
|  76|0x0000000709000000, 0x0000000709000000, 0x0000000709100000|  0%| F|  |TAMS 0x0000000709000000, 0x0000000709000000| Untracked 
|  77|0x0000000709100000, 0x0000000709100000, 0x0000000709200000|  0%| F|  |TAMS 0x0000000709100000, 0x0000000709100000| Untracked 
|  78|0x0000000709200000, 0x0000000709200000, 0x0000000709300000|  0%| F|  |TAMS 0x0000000709200000, 0x0000000709200000| Untracked 
|  79|0x0000000709300000, 0x0000000709300000, 0x0000000709400000|  0%| F|  |TAMS 0x0000000709300000, 0x0000000709300000| Untracked 
|  80|0x0000000709400000, 0x0000000709400000, 0x0000000709500000|  0%| F|  |TAMS 0x0000000709400000, 0x0000000709400000| Untracked 
|  81|0x0000000709500000, 0x0000000709500000, 0x0000000709600000|  0%| F|  |TAMS 0x0000000709500000, 0x0000000709500000| Untracked 
|  82|0x0000000709600000, 0x0000000709600000, 0x0000000709700000|  0%| F|  |TAMS 0x0000000709600000, 0x0000000709600000| Untracked 
|  83|0x0000000709700000, 0x0000000709700000, 0x0000000709800000|  0%| F|  |TAMS 0x0000000709700000, 0x0000000709700000| Untracked 
|  84|0x0000000709800000, 0x0000000709800000, 0x0000000709900000|  0%| F|  |TAMS 0x0000000709800000, 0x0000000709800000| Untracked 
|  85|0x0000000709900000, 0x0000000709900000, 0x0000000709a00000|  0%| F|  |TAMS 0x0000000709900000, 0x0000000709900000| Untracked 
|  86|0x0000000709a00000, 0x0000000709a00000, 0x0000000709b00000|  0%| F|  |TAMS 0x0000000709a00000, 0x0000000709a00000| Untracked 
|  87|0x0000000709b00000, 0x0000000709b00000, 0x0000000709c00000|  0%| F|  |TAMS 0x0000000709b00000, 0x0000000709b00000| Untracked 
|  88|0x0000000709c00000, 0x0000000709c00000, 0x0000000709d00000|  0%| F|  |TAMS 0x0000000709c00000, 0x0000000709c00000| Untracked 
|  89|0x0000000709d00000, 0x0000000709d00000, 0x0000000709e00000|  0%| F|  |TAMS 0x0000000709d00000, 0x0000000709d00000| Untracked 
|  90|0x0000000709e00000, 0x0000000709e00000, 0x0000000709f00000|  0%| F|  |TAMS 0x0000000709e00000, 0x0000000709e00000| Untracked 
|  91|0x0000000709f00000, 0x0000000709f00000, 0x000000070a000000|  0%| F|  |TAMS 0x0000000709f00000, 0x0000000709f00000| Untracked 
|  92|0x000000070a000000, 0x000000070a000000, 0x000000070a100000|  0%| F|  |TAMS 0x000000070a000000, 0x000000070a000000| Untracked 
|  93|0x000000070a100000, 0x000000070a100000, 0x000000070a200000|  0%| F|  |TAMS 0x000000070a100000, 0x000000070a100000| Untracked 
|  94|0x000000070a200000, 0x000000070a200000, 0x000000070a300000|  0%| F|  |TAMS 0x000000070a200000, 0x000000070a200000| Untracked 
|  95|0x000000070a300000, 0x000000070a300000, 0x000000070a400000|  0%| F|  |TAMS 0x000000070a300000, 0x000000070a300000| Untracked 
|  96|0x000000070a400000, 0x000000070a400000, 0x000000070a500000|  0%| F|  |TAMS 0x000000070a400000, 0x000000070a400000| Untracked 
|  97|0x000000070a500000, 0x000000070a500000, 0x000000070a600000|  0%| F|  |TAMS 0x000000070a500000, 0x000000070a500000| Untracked 
|  98|0x000000070a600000, 0x000000070a600000, 0x000000070a700000|  0%| F|  |TAMS 0x000000070a600000, 0x000000070a600000| Untracked 
|  99|0x000000070a700000, 0x000000070a700000, 0x000000070a800000|  0%| F|  |TAMS 0x000000070a700000, 0x000000070a700000| Untracked 
| 100|0x000000070a800000, 0x000000070a800000, 0x000000070a900000|  0%| F|  |TAMS 0x000000070a800000, 0x000000070a800000| Untracked 
| 101|0x000000070a900000, 0x000000070a900000, 0x000000070aa00000|  0%| F|  |TAMS 0x000000070a900000, 0x000000070a900000| Untracked 
| 102|0x000000070aa00000, 0x000000070aa00000, 0x000000070ab00000|  0%| F|  |TAMS 0x000000070aa00000, 0x000000070aa00000| Untracked 
| 103|0x000000070ab00000, 0x000000070ab00000, 0x000000070ac00000|  0%| F|  |TAMS 0x000000070ab00000, 0x000000070ab00000| Untracked 
| 104|0x000000070ac00000, 0x000000070ac00000, 0x000000070ad00000|  0%| F|  |TAMS 0x000000070ac00000, 0x000000070ac00000| Untracked 
| 105|0x000000070ad00000, 0x000000070ad00000, 0x000000070ae00000|  0%| F|  |TAMS 0x000000070ad00000, 0x000000070ad00000| Untracked 
| 106|0x000000070ae00000, 0x000000070ae00000, 0x000000070af00000|  0%| F|  |TAMS 0x000000070ae00000, 0x000000070ae00000| Untracked 
| 107|0x000000070af00000, 0x000000070af00000, 0x000000070b000000|  0%| F|  |TAMS 0x000000070af00000, 0x000000070af00000| Untracked 
| 108|0x000000070b000000, 0x000000070b000000, 0x000000070b100000|  0%| F|  |TAMS 0x000000070b000000, 0x000000070b000000| Untracked 
| 109|0x000000070b100000, 0x000000070b100000, 0x000000070b200000|  0%| F|  |TAMS 0x000000070b100000, 0x000000070b100000| Untracked 
| 110|0x000000070b200000, 0x000000070b200000, 0x000000070b300000|  0%| F|  |TAMS 0x000000070b200000, 0x000000070b200000| Untracked 
| 111|0x000000070b300000, 0x000000070b300000, 0x000000070b400000|  0%| F|  |TAMS 0x000000070b300000, 0x000000070b300000| Untracked 
| 112|0x000000070b400000, 0x000000070b400000, 0x000000070b500000|  0%| F|  |TAMS 0x000000070b400000, 0x000000070b400000| Untracked 
| 113|0x000000070b500000, 0x000000070b500000, 0x000000070b600000|  0%| F|  |TAMS 0x000000070b500000, 0x000000070b500000| Untracked 
| 114|0x000000070b600000, 0x000000070b600000, 0x000000070b700000|  0%| F|  |TAMS 0x000000070b600000, 0x000000070b600000| Untracked 
| 115|0x000000070b700000, 0x000000070b700000, 0x000000070b800000|  0%| F|  |TAMS 0x000000070b700000, 0x000000070b700000| Untracked 
| 116|0x000000070b800000, 0x000000070b800000, 0x000000070b900000|  0%| F|  |TAMS 0x000000070b800000, 0x000000070b800000| Untracked 
| 117|0x000000070b900000, 0x000000070b900000, 0x000000070ba00000|  0%| F|  |TAMS 0x000000070b900000, 0x000000070b900000| Untracked 
| 118|0x000000070ba00000, 0x000000070ba00000, 0x000000070bb00000|  0%| F|  |TAMS 0x000000070ba00000, 0x000000070ba00000| Untracked 
| 119|0x000000070bb00000, 0x000000070bb00000, 0x000000070bc00000|  0%| F|  |TAMS 0x000000070bb00000, 0x000000070bb00000| Untracked 
| 120|0x000000070bc00000, 0x000000070bc00000, 0x000000070bd00000|  0%| F|  |TAMS 0x000000070bc00000, 0x000000070bc00000| Untracked 
| 121|0x000000070bd00000, 0x000000070bd00000, 0x000000070be00000|  0%| F|  |TAMS 0x000000070bd00000, 0x000000070bd00000| Untracked 
| 122|0x000000070be00000, 0x000000070be00000, 0x000000070bf00000|  0%| F|  |TAMS 0x000000070be00000, 0x000000070be00000| Untracked 
| 123|0x000000070bf00000, 0x000000070bf00000, 0x000000070c000000|  0%| F|  |TAMS 0x000000070bf00000, 0x000000070bf00000| Untracked 
| 124|0x000000070c000000, 0x000000070c000000, 0x000000070c100000|  0%| F|  |TAMS 0x000000070c000000, 0x000000070c000000| Untracked 
| 125|0x000000070c100000, 0x000000070c100000, 0x000000070c200000|  0%| F|  |TAMS 0x000000070c100000, 0x000000070c100000| Untracked 
| 126|0x000000070c200000, 0x000000070c200000, 0x000000070c300000|  0%| F|  |TAMS 0x000000070c200000, 0x000000070c200000| Untracked 
| 127|0x000000070c300000, 0x000000070c300000, 0x000000070c400000|  0%| F|  |TAMS 0x000000070c300000, 0x000000070c300000| Untracked 
| 128|0x000000070c400000, 0x000000070c400000, 0x000000070c500000|  0%| F|  |TAMS 0x000000070c400000, 0x000000070c400000| Untracked 
| 129|0x000000070c500000, 0x000000070c500000, 0x000000070c600000|  0%| F|  |TAMS 0x000000070c500000, 0x000000070c500000| Untracked 
| 130|0x000000070c600000, 0x000000070c600000, 0x000000070c700000|  0%| F|  |TAMS 0x000000070c600000, 0x000000070c600000| Untracked 
| 131|0x000000070c700000, 0x000000070c700000, 0x000000070c800000|  0%| F|  |TAMS 0x000000070c700000, 0x000000070c700000| Untracked 
| 132|0x000000070c800000, 0x000000070c800000, 0x000000070c900000|  0%| F|  |TAMS 0x000000070c800000, 0x000000070c800000| Untracked 
| 133|0x000000070c900000, 0x000000070c900000, 0x000000070ca00000|  0%| F|  |TAMS 0x000000070c900000, 0x000000070c900000| Untracked 
| 134|0x000000070ca00000, 0x000000070ca00000, 0x000000070cb00000|  0%| F|  |TAMS 0x000000070ca00000, 0x000000070ca00000| Untracked 
| 135|0x000000070cb00000, 0x000000070cb00000, 0x000000070cc00000|  0%| F|  |TAMS 0x000000070cb00000, 0x000000070cb00000| Untracked 
| 136|0x000000070cc00000, 0x000000070cc00000, 0x000000070cd00000|  0%| F|  |TAMS 0x000000070cc00000, 0x000000070cc00000| Untracked 
| 137|0x000000070cd00000, 0x000000070cd00000, 0x000000070ce00000|  0%| F|  |TAMS 0x000000070cd00000, 0x000000070cd00000| Untracked 
| 138|0x000000070ce00000, 0x000000070ce00000, 0x000000070cf00000|  0%| F|  |TAMS 0x000000070ce00000, 0x000000070ce00000| Untracked 
| 139|0x000000070cf00000, 0x000000070cf00000, 0x000000070d000000|  0%| F|  |TAMS 0x000000070cf00000, 0x000000070cf00000| Untracked 
| 140|0x000000070d000000, 0x000000070d000000, 0x000000070d100000|  0%| F|  |TAMS 0x000000070d000000, 0x000000070d000000| Untracked 
| 141|0x000000070d100000, 0x000000070d100000, 0x000000070d200000|  0%| F|  |TAMS 0x000000070d100000, 0x000000070d100000| Untracked 
| 142|0x000000070d200000, 0x000000070d200000, 0x000000070d300000|  0%| F|  |TAMS 0x000000070d200000, 0x000000070d200000| Untracked 
| 143|0x000000070d300000, 0x000000070d300000, 0x000000070d400000|  0%| F|  |TAMS 0x000000070d300000, 0x000000070d300000| Untracked 
| 144|0x000000070d400000, 0x000000070d400000, 0x000000070d500000|  0%| F|  |TAMS 0x000000070d400000, 0x000000070d400000| Untracked 
| 145|0x000000070d500000, 0x000000070d500000, 0x000000070d600000|  0%| F|  |TAMS 0x000000070d500000, 0x000000070d500000| Untracked 
| 146|0x000000070d600000, 0x000000070d600000, 0x000000070d700000|  0%| F|  |TAMS 0x000000070d600000, 0x000000070d600000| Untracked 
| 147|0x000000070d700000, 0x000000070d700000, 0x000000070d800000|  0%| F|  |TAMS 0x000000070d700000, 0x000000070d700000| Untracked 
| 148|0x000000070d800000, 0x000000070d800000, 0x000000070d900000|  0%| F|  |TAMS 0x000000070d800000, 0x000000070d800000| Untracked 
| 149|0x000000070d900000, 0x000000070d900000, 0x000000070da00000|  0%| F|  |TAMS 0x000000070d900000, 0x000000070d900000| Untracked 
| 150|0x000000070da00000, 0x000000070da00000, 0x000000070db00000|  0%| F|  |TAMS 0x000000070da00000, 0x000000070da00000| Untracked 
| 151|0x000000070db00000, 0x000000070db00000, 0x000000070dc00000|  0%| F|  |TAMS 0x000000070db00000, 0x000000070db00000| Untracked 
| 152|0x000000070dc00000, 0x000000070dc00000, 0x000000070dd00000|  0%| F|  |TAMS 0x000000070dc00000, 0x000000070dc00000| Untracked 
| 153|0x000000070dd00000, 0x000000070dd00000, 0x000000070de00000|  0%| F|  |TAMS 0x000000070dd00000, 0x000000070dd00000| Untracked 
| 154|0x000000070de00000, 0x000000070de00000, 0x000000070df00000|  0%| F|  |TAMS 0x000000070de00000, 0x000000070de00000| Untracked 
| 155|0x000000070df00000, 0x000000070df00000, 0x000000070e000000|  0%| F|  |TAMS 0x000000070df00000, 0x000000070df00000| Untracked 
| 156|0x000000070e000000, 0x000000070e000000, 0x000000070e100000|  0%| F|  |TAMS 0x000000070e000000, 0x000000070e000000| Untracked 
| 157|0x000000070e100000, 0x000000070e100000, 0x000000070e200000|  0%| F|  |TAMS 0x000000070e100000, 0x000000070e100000| Untracked 
| 158|0x000000070e200000, 0x000000070e23b0e0, 0x000000070e300000| 23%| S|CS|TAMS 0x000000070e200000, 0x000000070e200000| Complete 
| 159|0x000000070e300000, 0x000000070e400000, 0x000000070e400000|100%| S|CS|TAMS 0x000000070e300000, 0x000000070e300000| Complete 
| 160|0x000000070e400000, 0x000000070e500000, 0x000000070e500000|100%| S|CS|TAMS 0x000000070e400000, 0x000000070e400000| Complete 
| 161|0x000000070e500000, 0x000000070e600000, 0x000000070e600000|100%| S|CS|TAMS 0x000000070e500000, 0x000000070e500000| Complete 
| 162|0x000000070e600000, 0x000000070e700000, 0x000000070e700000|100%| S|CS|TAMS 0x000000070e600000, 0x000000070e600000| Complete 
| 163|0x000000070e700000, 0x000000070e800000, 0x000000070e800000|100%| S|CS|TAMS 0x000000070e700000, 0x000000070e700000| Complete 
| 164|0x000000070e800000, 0x000000070e900000, 0x000000070e900000|100%| S|CS|TAMS 0x000000070e800000, 0x000000070e800000| Complete 
| 165|0x000000070e900000, 0x000000070ea00000, 0x000000070ea00000|100%| S|CS|TAMS 0x000000070e900000, 0x000000070e900000| Complete 
| 166|0x000000070ea00000, 0x000000070eb00000, 0x000000070eb00000|100%| S|CS|TAMS 0x000000070ea00000, 0x000000070ea00000| Complete 
| 167|0x000000070eb00000, 0x000000070ec00000, 0x000000070ec00000|100%| S|CS|TAMS 0x000000070eb00000, 0x000000070eb00000| Complete 
| 168|0x000000070ec00000, 0x000000070ec00000, 0x000000070ed00000|  0%| F|  |TAMS 0x000000070ec00000, 0x000000070ec00000| Untracked 
| 169|0x000000070ed00000, 0x000000070ed00000, 0x000000070ee00000|  0%| F|  |TAMS 0x000000070ed00000, 0x000000070ed00000| Untracked 
| 170|0x000000070ee00000, 0x000000070ee00000, 0x000000070ef00000|  0%| F|  |TAMS 0x000000070ee00000, 0x000000070ee00000| Untracked 
| 171|0x000000070ef00000, 0x000000070ef00000, 0x000000070f000000|  0%| F|  |TAMS 0x000000070ef00000, 0x000000070ef00000| Untracked 
| 172|0x000000070f000000, 0x000000070f000000, 0x000000070f100000|  0%| F|  |TAMS 0x000000070f000000, 0x000000070f000000| Untracked 
| 173|0x000000070f100000, 0x000000070f100000, 0x000000070f200000|  0%| F|  |TAMS 0x000000070f100000, 0x000000070f100000| Untracked 
| 174|0x000000070f200000, 0x000000070f200000, 0x000000070f300000|  0%| F|  |TAMS 0x000000070f200000, 0x000000070f200000| Untracked 
| 175|0x000000070f300000, 0x000000070f300000, 0x000000070f400000|  0%| F|  |TAMS 0x000000070f300000, 0x000000070f300000| Untracked 
| 176|0x000000070f400000, 0x000000070f400000, 0x000000070f500000|  0%| F|  |TAMS 0x000000070f400000, 0x000000070f400000| Untracked 
| 177|0x000000070f500000, 0x000000070f500000, 0x000000070f600000|  0%| F|  |TAMS 0x000000070f500000, 0x000000070f500000| Untracked 
| 178|0x000000070f600000, 0x000000070f600000, 0x000000070f700000|  0%| F|  |TAMS 0x000000070f600000, 0x000000070f600000| Untracked 
| 179|0x000000070f700000, 0x000000070f700000, 0x000000070f800000|  0%| F|  |TAMS 0x000000070f700000, 0x000000070f700000| Untracked 
| 180|0x000000070f800000, 0x000000070f800000, 0x000000070f900000|  0%| F|  |TAMS 0x000000070f800000, 0x000000070f800000| Untracked 
| 181|0x000000070f900000, 0x000000070f900000, 0x000000070fa00000|  0%| F|  |TAMS 0x000000070f900000, 0x000000070f900000| Untracked 
| 182|0x000000070fa00000, 0x000000070fa00000, 0x000000070fb00000|  0%| F|  |TAMS 0x000000070fa00000, 0x000000070fa00000| Untracked 
| 183|0x000000070fb00000, 0x000000070fb00000, 0x000000070fc00000|  0%| F|  |TAMS 0x000000070fb00000, 0x000000070fb00000| Untracked 
| 184|0x000000070fc00000, 0x000000070fc00000, 0x000000070fd00000|  0%| F|  |TAMS 0x000000070fc00000, 0x000000070fc00000| Untracked 
| 185|0x000000070fd00000, 0x000000070fd00000, 0x000000070fe00000|  0%| F|  |TAMS 0x000000070fd00000, 0x000000070fd00000| Untracked 
| 186|0x000000070fe00000, 0x000000070fe00000, 0x000000070ff00000|  0%| F|  |TAMS 0x000000070fe00000, 0x000000070fe00000| Untracked 
| 187|0x000000070ff00000, 0x000000070ff00000, 0x0000000710000000|  0%| F|  |TAMS 0x000000070ff00000, 0x000000070ff00000| Untracked 
| 188|0x0000000710000000, 0x0000000710000000, 0x0000000710100000|  0%| F|  |TAMS 0x0000000710000000, 0x0000000710000000| Untracked 
| 189|0x0000000710100000, 0x0000000710100000, 0x0000000710200000|  0%| F|  |TAMS 0x0000000710100000, 0x0000000710100000| Untracked 
| 190|0x0000000710200000, 0x0000000710200000, 0x0000000710300000|  0%| F|  |TAMS 0x0000000710200000, 0x0000000710200000| Untracked 
| 191|0x0000000710300000, 0x0000000710300000, 0x0000000710400000|  0%| F|  |TAMS 0x0000000710300000, 0x0000000710300000| Untracked 
| 192|0x0000000710400000, 0x0000000710400000, 0x0000000710500000|  0%| F|  |TAMS 0x0000000710400000, 0x0000000710400000| Untracked 
| 193|0x0000000710500000, 0x0000000710500000, 0x0000000710600000|  0%| F|  |TAMS 0x0000000710500000, 0x0000000710500000| Untracked 
| 194|0x0000000710600000, 0x0000000710600000, 0x0000000710700000|  0%| F|  |TAMS 0x0000000710600000, 0x0000000710600000| Untracked 
| 195|0x0000000710700000, 0x0000000710700000, 0x0000000710800000|  0%| F|  |TAMS 0x0000000710700000, 0x0000000710700000| Untracked 
| 196|0x0000000710800000, 0x0000000710800000, 0x0000000710900000|  0%| F|  |TAMS 0x0000000710800000, 0x0000000710800000| Untracked 
| 197|0x0000000710900000, 0x0000000710900000, 0x0000000710a00000|  0%| F|  |TAMS 0x0000000710900000, 0x0000000710900000| Untracked 
| 198|0x0000000710a00000, 0x0000000710a00000, 0x0000000710b00000|  0%| F|  |TAMS 0x0000000710a00000, 0x0000000710a00000| Untracked 
| 199|0x0000000710b00000, 0x0000000710b00000, 0x0000000710c00000|  0%| F|  |TAMS 0x0000000710b00000, 0x0000000710b00000| Untracked 
| 200|0x0000000710c00000, 0x0000000710c00000, 0x0000000710d00000|  0%| F|  |TAMS 0x0000000710c00000, 0x0000000710c00000| Untracked 
| 201|0x0000000710d00000, 0x0000000710d00000, 0x0000000710e00000|  0%| F|  |TAMS 0x0000000710d00000, 0x0000000710d00000| Untracked 
| 202|0x0000000710e00000, 0x0000000710e00000, 0x0000000710f00000|  0%| F|  |TAMS 0x0000000710e00000, 0x0000000710e00000| Untracked 
| 203|0x0000000710f00000, 0x0000000710f00000, 0x0000000711000000|  0%| F|  |TAMS 0x0000000710f00000, 0x0000000710f00000| Untracked 
| 204|0x0000000711000000, 0x0000000711000000, 0x0000000711100000|  0%| F|  |TAMS 0x0000000711000000, 0x0000000711000000| Untracked 
| 205|0x0000000711100000, 0x0000000711100000, 0x0000000711200000|  0%| F|  |TAMS 0x0000000711100000, 0x0000000711100000| Untracked 
| 206|0x0000000711200000, 0x0000000711200000, 0x0000000711300000|  0%| F|  |TAMS 0x0000000711200000, 0x0000000711200000| Untracked 
| 207|0x0000000711300000, 0x0000000711300000, 0x0000000711400000|  0%| F|  |TAMS 0x0000000711300000, 0x0000000711300000| Untracked 
| 208|0x0000000711400000, 0x0000000711400000, 0x0000000711500000|  0%| F|  |TAMS 0x0000000711400000, 0x0000000711400000| Untracked 
| 209|0x0000000711500000, 0x0000000711500000, 0x0000000711600000|  0%| F|  |TAMS 0x0000000711500000, 0x0000000711500000| Untracked 
| 210|0x0000000711600000, 0x0000000711600000, 0x0000000711700000|  0%| F|  |TAMS 0x0000000711600000, 0x0000000711600000| Untracked 
| 211|0x0000000711700000, 0x0000000711700000, 0x0000000711800000|  0%| F|  |TAMS 0x0000000711700000, 0x0000000711700000| Untracked 
| 212|0x0000000711800000, 0x0000000711800000, 0x0000000711900000|  0%| F|  |TAMS 0x0000000711800000, 0x0000000711800000| Untracked 
| 213|0x0000000711900000, 0x0000000711900000, 0x0000000711a00000|  0%| F|  |TAMS 0x0000000711900000, 0x0000000711900000| Untracked 
| 214|0x0000000711a00000, 0x0000000711a00000, 0x0000000711b00000|  0%| F|  |TAMS 0x0000000711a00000, 0x0000000711a00000| Untracked 
| 215|0x0000000711b00000, 0x0000000711b00000, 0x0000000711c00000|  0%| F|  |TAMS 0x0000000711b00000, 0x0000000711b00000| Untracked 
| 216|0x0000000711c00000, 0x0000000711c00000, 0x0000000711d00000|  0%| F|  |TAMS 0x0000000711c00000, 0x0000000711c00000| Untracked 
| 217|0x0000000711d00000, 0x0000000711d00000, 0x0000000711e00000|  0%| F|  |TAMS 0x0000000711d00000, 0x0000000711d00000| Untracked 
| 218|0x0000000711e00000, 0x0000000711e00000, 0x0000000711f00000|  0%| F|  |TAMS 0x0000000711e00000, 0x0000000711e00000| Untracked 
| 219|0x0000000711f00000, 0x0000000711f00000, 0x0000000712000000|  0%| F|  |TAMS 0x0000000711f00000, 0x0000000711f00000| Untracked 
| 220|0x0000000712000000, 0x0000000712000000, 0x0000000712100000|  0%| F|  |TAMS 0x0000000712000000, 0x0000000712000000| Untracked 
| 221|0x0000000712100000, 0x0000000712100000, 0x0000000712200000|  0%| F|  |TAMS 0x0000000712100000, 0x0000000712100000| Untracked 
| 222|0x0000000712200000, 0x0000000712200000, 0x0000000712300000|  0%| F|  |TAMS 0x0000000712200000, 0x0000000712200000| Untracked 
| 223|0x0000000712300000, 0x0000000712300000, 0x0000000712400000|  0%| F|  |TAMS 0x0000000712300000, 0x0000000712300000| Untracked 
| 224|0x0000000712400000, 0x0000000712500000, 0x0000000712500000|100%| E|  |TAMS 0x0000000712400000, 0x0000000712400000| Complete 
| 225|0x0000000712500000, 0x0000000712600000, 0x0000000712600000|100%| E|CS|TAMS 0x0000000712500000, 0x0000000712500000| Complete 
| 226|0x0000000712600000, 0x0000000712700000, 0x0000000712700000|100%| E|CS|TAMS 0x0000000712600000, 0x0000000712600000| Complete 
| 227|0x0000000712700000, 0x0000000712800000, 0x0000000712800000|100%| E|CS|TAMS 0x0000000712700000, 0x0000000712700000| Complete 
| 228|0x0000000712800000, 0x0000000712900000, 0x0000000712900000|100%| E|CS|TAMS 0x0000000712800000, 0x0000000712800000| Complete 
| 229|0x0000000712900000, 0x0000000712a00000, 0x0000000712a00000|100%| E|CS|TAMS 0x0000000712900000, 0x0000000712900000| Complete 
| 230|0x0000000712a00000, 0x0000000712b00000, 0x0000000712b00000|100%| E|CS|TAMS 0x0000000712a00000, 0x0000000712a00000| Complete 
| 231|0x0000000712b00000, 0x0000000712c00000, 0x0000000712c00000|100%| E|CS|TAMS 0x0000000712b00000, 0x0000000712b00000| Complete 
| 232|0x0000000712c00000, 0x0000000712d00000, 0x0000000712d00000|100%| E|CS|TAMS 0x0000000712c00000, 0x0000000712c00000| Complete 
| 233|0x0000000712d00000, 0x0000000712e00000, 0x0000000712e00000|100%| E|CS|TAMS 0x0000000712d00000, 0x0000000712d00000| Complete 
| 234|0x0000000712e00000, 0x0000000712f00000, 0x0000000712f00000|100%| E|CS|TAMS 0x0000000712e00000, 0x0000000712e00000| Complete 
| 235|0x0000000712f00000, 0x0000000713000000, 0x0000000713000000|100%| E|CS|TAMS 0x0000000712f00000, 0x0000000712f00000| Complete 
| 236|0x0000000713000000, 0x0000000713100000, 0x0000000713100000|100%| E|CS|TAMS 0x0000000713000000, 0x0000000713000000| Complete 
| 237|0x0000000713100000, 0x0000000713200000, 0x0000000713200000|100%| E|CS|TAMS 0x0000000713100000, 0x0000000713100000| Complete 
| 238|0x0000000713200000, 0x0000000713300000, 0x0000000713300000|100%| E|CS|TAMS 0x0000000713200000, 0x0000000713200000| Complete 
| 239|0x0000000713300000, 0x0000000713400000, 0x0000000713400000|100%| E|CS|TAMS 0x0000000713300000, 0x0000000713300000| Complete 
| 240|0x0000000713400000, 0x0000000713500000, 0x0000000713500000|100%| E|CS|TAMS 0x0000000713400000, 0x0000000713400000| Complete 
| 241|0x0000000713500000, 0x0000000713600000, 0x0000000713600000|100%| E|CS|TAMS 0x0000000713500000, 0x0000000713500000| Complete 
| 242|0x0000000713600000, 0x0000000713700000, 0x0000000713700000|100%| E|CS|TAMS 0x0000000713600000, 0x0000000713600000| Complete 
| 243|0x0000000713700000, 0x0000000713800000, 0x0000000713800000|100%| E|CS|TAMS 0x0000000713700000, 0x0000000713700000| Complete 
| 244|0x0000000713800000, 0x0000000713900000, 0x0000000713900000|100%| E|CS|TAMS 0x0000000713800000, 0x0000000713800000| Complete 
| 245|0x0000000713900000, 0x0000000713a00000, 0x0000000713a00000|100%| E|CS|TAMS 0x0000000713900000, 0x0000000713900000| Complete 
| 246|0x0000000713a00000, 0x0000000713b00000, 0x0000000713b00000|100%| E|CS|TAMS 0x0000000713a00000, 0x0000000713a00000| Complete 
| 247|0x0000000713b00000, 0x0000000713c00000, 0x0000000713c00000|100%| E|CS|TAMS 0x0000000713b00000, 0x0000000713b00000| Complete 
| 248|0x0000000713c00000, 0x0000000713d00000, 0x0000000713d00000|100%| E|CS|TAMS 0x0000000713c00000, 0x0000000713c00000| Complete 
| 249|0x0000000713d00000, 0x0000000713e00000, 0x0000000713e00000|100%| E|CS|TAMS 0x0000000713d00000, 0x0000000713d00000| Complete 
| 250|0x0000000713e00000, 0x0000000713f00000, 0x0000000713f00000|100%| E|CS|TAMS 0x0000000713e00000, 0x0000000713e00000| Complete 
| 251|0x0000000713f00000, 0x0000000714000000, 0x0000000714000000|100%| E|CS|TAMS 0x0000000713f00000, 0x0000000713f00000| Complete 

Card table byte_map: [0x000001d32a520000,0x000001d32ad00000] _byte_map_base: 0x000001d326cfe000

Marking Bits (Prev, Next): (CMBitMap*) 0x000001d3125ac160, (CMBitMap*) 0x000001d3125ac128
 Prev Bits: [0x000001d32f3d0000, 0x000001d3332c0000)
 Next Bits: [0x000001d32b4e0000, 0x000001d32f3d0000)

Polling page: 0x000001d310490000

Metaspace:

Usage:
  Non-class:     28.32 MB capacity,    27.90 MB ( 99%) used,   385.23 KB (  1%) free+waste,    49.56 KB ( <1%) overhead. 
      Class:      3.48 MB capacity,     3.29 MB ( 95%) used,   174.23 KB (  5%) free+waste,    20.69 KB ( <1%) overhead. 
       Both:     31.80 MB capacity,    31.19 MB ( 98%) used,   559.45 KB (  2%) free+waste,    70.25 KB ( <1%) overhead. 

Virtual space:
  Non-class space:       30.00 MB reserved,      28.42 MB ( 95%) committed 
      Class space:        1.00 GB reserved,       3.50 MB ( <1%) committed 
             Both:        1.03 GB reserved,      31.92 MB (  3%) committed 

Chunk freelists:
   Non-Class:  4.75 KB
       Class:  2.50 KB
        Both:  7.25 KB

CodeHeap 'non-profiled nmethods': size=120000Kb used=2986Kb max_used=2986Kb free=117013Kb
 bounds [0x000001d3224e0000, 0x000001d3227d0000, 0x000001d329a10000]
CodeHeap 'profiled nmethods': size=120000Kb used=11152Kb max_used=11152Kb free=108847Kb
 bounds [0x000001d31afb0000, 0x000001d31baa0000, 0x000001d3224e0000]
CodeHeap 'non-nmethods': size=5760Kb used=1157Kb max_used=1223Kb free=4602Kb
 bounds [0x000001d31aa10000, 0x000001d31ac80000, 0x000001d31afb0000]
 total_blobs=5347 nmethods=4878 adapters=380
 compilation: enabled
              stopped_count=0, restarted_count=0
 full_count=0

Compilation events (10 events):
Event: 11.152 Thread 0x000001d33673a000 4871   !   3       java.util.zip.Inflater::finished (19 bytes)
Event: 11.152 Thread 0x000001d33673a000 nmethod 4871 0x000001d31ba8ff10 code [0x000001d31ba900c0, 0x000001d31ba90378]
Event: 11.229 Thread 0x000001d33673a000 4872       3       java.nio.file.Files::followLinks (66 bytes)
Event: 11.230 Thread 0x000001d33673a000 nmethod 4872 0x000001d31ba90490 code [0x000001d31ba90660, 0x000001d31ba90a58]
Event: 11.272 Thread 0x000001d33673a000 4880   !   3       java.util.ImmutableCollections$ListItr::next (34 bytes)
Event: 11.273 Thread 0x000001d33673a000 nmethod 4880 0x000001d31ba90c10 code [0x000001d31ba90de0, 0x000001d31ba910d8]
Event: 11.273 Thread 0x000001d33673a000 4881       3       sun.nio.fs.WindowsFileAttributes::isDirectory (25 bytes)
Event: 11.273 Thread 0x000001d33673a000 nmethod 4881 0x000001d31ba91290 code [0x000001d31ba91440, 0x000001d31ba916b8]
Event: 11.286 Thread 0x000001d33673a000 4882       3       java.util.zip.Inflater::<init> (24 bytes)
Event: 11.286 Thread 0x000001d33673a000 nmethod 4882 0x000001d31ba91790 code [0x000001d31ba91960, 0x000001d31ba91bf8]

GC Heap History (8 events):
Event: 3.239 GC heap before
{Heap before GC invocations=0 (full 0):
 garbage-first heap   total 258048K, used 23552K [0x0000000704400000, 0x0000000800000000)
  region size 1024K, 24 young (24576K), 0 survivors (0K)
 Metaspace       used 13644K, capacity 13852K, committed 14080K, reserved 1062912K
  class space    used 1369K, capacity 1431K, committed 1536K, reserved 1048576K
}
Event: 3.247 GC heap after
{Heap after GC invocations=1 (full 0):
 garbage-first heap   total 258048K, used 4019K [0x0000000704400000, 0x0000000800000000)
  region size 1024K, 3 young (3072K), 3 survivors (3072K)
 Metaspace       used 13644K, capacity 13852K, committed 14080K, reserved 1062912K
  class space    used 1369K, capacity 1431K, committed 1536K, reserved 1048576K
}
Event: 5.078 GC heap before
{Heap before GC invocations=1 (full 0):
 garbage-first heap   total 258048K, used 58291K [0x0000000704400000, 0x0000000800000000)
  region size 1024K, 57 young (58368K), 3 survivors (3072K)
 Metaspace       used 20913K, capacity 21167K, committed 21296K, reserved 1069056K
  class space    used 2237K, capacity 2358K, committed 2432K, reserved 1048576K
}
Event: 5.087 GC heap after
{Heap after GC invocations=2 (full 0):
 garbage-first heap   total 258048K, used 7021K [0x0000000704400000, 0x0000000800000000)
  region size 1024K, 6 young (6144K), 6 survivors (6144K)
 Metaspace       used 20913K, capacity 21167K, committed 21296K, reserved 1069056K
  class space    used 2237K, capacity 2358K, committed 2432K, reserved 1048576K
}
Event: 7.038 GC heap before
{Heap before GC invocations=3 (full 0):
 garbage-first heap   total 258048K, used 66413K [0x0000000704400000, 0x0000000800000000)
  region size 1024K, 64 young (65536K), 6 survivors (6144K)
 Metaspace       used 22075K, capacity 22445K, committed 22576K, reserved 1069056K
  class space    used 2288K, capacity 2397K, committed 2432K, reserved 1048576K
}
Event: 7.051 GC heap after
{Heap after GC invocations=4 (full 0):
 garbage-first heap   total 258048K, used 12009K [0x0000000704400000, 0x0000000800000000)
  region size 1024K, 8 young (8192K), 8 survivors (8192K)
 Metaspace       used 22075K, capacity 22445K, committed 22576K, reserved 1069056K
  class space    used 2288K, capacity 2397K, committed 2432K, reserved 1048576K
}
Event: 9.475 GC heap before
{Heap before GC invocations=4 (full 0):
 garbage-first heap   total 258048K, used 89833K [0x0000000704400000, 0x0000000800000000)
  region size 1024K, 84 young (86016K), 8 survivors (8192K)
 Metaspace       used 24427K, capacity 24873K, committed 25136K, reserved 1071104K
  class space    used 2466K, capacity 2611K, committed 2688K, reserved 1048576K
}
Event: 9.488 GC heap after
{Heap after GC invocations=5 (full 0):
 garbage-first heap   total 258048K, used 16358K [0x0000000704400000, 0x0000000800000000)
  region size 1024K, 10 young (10240K), 10 survivors (10240K)
 Metaspace       used 24427K, capacity 24873K, committed 25136K, reserved 1071104K
  class space    used 2466K, capacity 2611K, committed 2688K, reserved 1048576K
}

Deoptimization events (10 events):
Event: 10.570 Thread 0x000001d31254c800 Uncommon trap: reason=bimorphic_or_optimized_type_check action=maybe_recompile pc=0x000001d3226b4b1c method=java.util.regex.Matcher.match(II)Z @ 121 c2
Event: 10.654 Thread 0x000001d31254c800 Uncommon trap: reason=class_check action=maybe_recompile pc=0x000001d322775e34 method=java.util.zip.InflaterInputStream.read([BII)I @ 100 c2
Event: 10.667 Thread 0x000001d31254c800 Uncommon trap: reason=class_check action=maybe_recompile pc=0x000001d322775e34 method=java.util.zip.InflaterInputStream.read([BII)I @ 100 c2
Event: 10.685 Thread 0x000001d31254c800 Uncommon trap: reason=class_check action=maybe_recompile pc=0x000001d322775e34 method=java.util.zip.InflaterInputStream.read([BII)I @ 100 c2
Event: 10.710 Thread 0x000001d31254c800 Uncommon trap: reason=unstable_if action=reinterpret pc=0x000001d3227997c0 method=java.util.Arrays.hashCode([B)I @ 1 c2
Event: 10.720 Thread 0x000001d31254c800 Uncommon trap: reason=unstable_if action=reinterpret pc=0x000001d322796dec method=jdk.nio.zipfs.ZipFileSystem.getParentOff([B)I @ 21 c2
Event: 10.720 Thread 0x000001d31254c800 Uncommon trap: reason=class_check action=maybe_recompile pc=0x000001d322775e34 method=java.util.zip.InflaterInputStream.read([BII)I @ 100 c2
Event: 11.111 Thread 0x000001d31254c800 Uncommon trap: reason=unstable_if action=reinterpret pc=0x000001d3227ab890 method=java.time.chrono.IsoChronology.isLeapYear(J)Z @ 7 c2
Event: 11.111 Thread 0x000001d31254c800 Uncommon trap: reason=unstable_if action=reinterpret pc=0x000001d3227aad10 method=java.time.chrono.IsoChronology.isLeapYear(J)Z @ 7 c2
Event: 11.111 Thread 0x000001d31254c800 Uncommon trap: reason=unstable_if action=reinterpret pc=0x000001d3227a3dfc method=java.time.zone.ZoneRules.findOffsetInfo(Ljava/time/LocalDateTime;Ljava/time/zone/ZoneOffsetTransition;)Ljava/lang/Object; @ 17 c2

Classes redefined (0 events):
No events

Internal exceptions (10 events):
Event: 10.555 Thread 0x000001d31254c800 Exception <a 'sun/nio/fs/WindowsException'{0x000000071326ef30}> (0x000000071326ef30) thrown at [./open/src/hotspot/share/prims/jni.cpp, line 611]
Event: 10.555 Thread 0x000001d31254c800 Exception <a 'sun/nio/fs/WindowsException'{0x000000071326f320}> (0x000000071326f320) thrown at [./open/src/hotspot/share/prims/jni.cpp, line 611]
Event: 10.555 Thread 0x000001d31254c800 Exception <a 'sun/nio/fs/WindowsException'{0x00000007132704d0}> (0x00000007132704d0) thrown at [./open/src/hotspot/share/prims/jni.cpp, line 611]
Event: 10.555 Thread 0x000001d31254c800 Exception <a 'sun/nio/fs/WindowsException'{0x0000000713270840}> (0x0000000713270840) thrown at [./open/src/hotspot/share/prims/jni.cpp, line 611]
Event: 10.561 Thread 0x000001d31254c800 Implicit null exception at 0x000001d32276e6d1 to 0x000001d32276ef14
Event: 10.578 Thread 0x000001d31254c800 Exception <a 'java/lang/NoSuchMethodError'{0x000000071313e318}: java.lang.invoke.DirectMethodHandle$Holder.invokeSpecial(Ljava/lang/Object;Ljava/lang/Object;Ljava/lang/Object;Ljava/lang/Object;)I> (0x000000071313e318) thrown at [./open/src/hotspot/share/i
Event: 10.616 Thread 0x000001d31254c800 Exception <a 'sun/nio/fs/WindowsException'{0x00000007130c4d98}> (0x00000007130c4d98) thrown at [./open/src/hotspot/share/prims/jni.cpp, line 611]
Event: 10.616 Thread 0x000001d31254c800 Exception <a 'sun/nio/fs/WindowsException'{0x00000007130c5150}> (0x00000007130c5150) thrown at [./open/src/hotspot/share/prims/jni.cpp, line 611]
Event: 10.652 Thread 0x000001d31254c800 Exception <a 'java/lang/NoSuchMethodError'{0x0000000712f26af8}: java.lang.invoke.DirectMethodHandle$Holder.invokeStatic(Ljava/lang/Object;ILjava/lang/Object;)Ljava/lang/Object;> (0x0000000712f26af8) thrown at [./open/src/hotspot/share/interpreter/linkReso
Event: 10.710 Thread 0x000001d31254c800 Implicit null exception at 0x000001d32279952c to 0x000001d3227997b0

Events (10 events):
Event: 10.785 Executing VM operation: HandshakeAllThreads done
Event: 11.111 Thread 0x000001d31254c800 Uncommon trap: trap_request=0xffffff4d fr.pc=0x000001d3227ab890 relative=0x0000000000000070
Event: 11.111 Thread 0x000001d31254c800 DEOPT PACKING pc=0x000001d3227ab890 sp=0x0000002e8c2fc250
Event: 11.111 Thread 0x000001d31254c800 DEOPT UNPACKING pc=0x000001d31aa183af sp=0x0000002e8c2fc1d8 mode 2
Event: 11.111 Thread 0x000001d31254c800 Uncommon trap: trap_request=0xffffff4d fr.pc=0x000001d3227aad10 relative=0x0000000000000270
Event: 11.111 Thread 0x000001d31254c800 DEOPT PACKING pc=0x000001d3227aad10 sp=0x0000002e8c2fc4f0
Event: 11.111 Thread 0x000001d31254c800 DEOPT UNPACKING pc=0x000001d31aa183af sp=0x0000002e8c2fc330 mode 2
Event: 11.111 Thread 0x000001d31254c800 Uncommon trap: trap_request=0xffffff4d fr.pc=0x000001d3227a3dfc relative=0x0000000000000a9c
Event: 11.111 Thread 0x000001d31254c800 DEOPT PACKING pc=0x000001d3227a3dfc sp=0x0000002e8c2fc6c0
Event: 11.111 Thread 0x000001d31254c800 DEOPT UNPACKING pc=0x000001d31aa183af sp=0x0000002e8c2fc680 mode 2


Dynamic libraries:
0x00007ff7aa790000 - 0x00007ff7aa79f000 	C:\Program Files\Java\jdk-11.0.12\bin\java.exe
0x00007ffbc73a0000 - 0x00007ffbc75a9000 	C:\WINDOWS\SYSTEM32\ntdll.dll
0x00007ffbc6c30000 - 0x00007ffbc6ced000 	C:\WINDOWS\System32\KERNEL32.DLL
0x00007ffbc4ba0000 - 0x00007ffbc4f14000 	C:\WINDOWS\System32\KERNELBASE.dll
0x00007ffbc5120000 - 0x00007ffbc5231000 	C:\WINDOWS\System32\ucrtbase.dll
0x00007ffbad990000 - 0x00007ffbad9a5000 	C:\Program Files\Java\jdk-11.0.12\bin\VCRUNTIME140.dll
0x00007ffbaea50000 - 0x00007ffbaea68000 	C:\Program Files\Java\jdk-11.0.12\bin\jli.dll
0x00007ffbc5bd0000 - 0x00007ffbc5c7e000 	C:\WINDOWS\System32\ADVAPI32.dll
0x00007ffbc5d30000 - 0x00007ffbc5dd3000 	C:\WINDOWS\System32\msvcrt.dll
0x00007ffbc5240000 - 0x00007ffbc52de000 	C:\WINDOWS\System32\sechost.dll
0x00007ffbc71a0000 - 0x00007ffbc72c0000 	C:\WINDOWS\System32\RPCRT4.dll
0x00007ffbc6f80000 - 0x00007ffbc712c000 	C:\WINDOWS\System32\USER32.dll
0x00007ffbc50f0000 - 0x00007ffbc5116000 	C:\WINDOWS\System32\win32u.dll
0x00007ffbc5ff0000 - 0x00007ffbc6019000 	C:\WINDOWS\System32\GDI32.dll
0x00007ffbc4a00000 - 0x00007ffbc4b12000 	C:\WINDOWS\System32\gdi32full.dll
0x00007ffbc5050000 - 0x00007ffbc50ed000 	C:\WINDOWS\System32\msvcp_win.dll
0x00007ffba1f60000 - 0x00007ffba2205000 	C:\WINDOWS\WinSxS\amd64_microsoft.windows.common-controls_6595b64144ccf1df_6.0.22000.120_none_9d947278b86cc467\COMCTL32.dll
0x00007ffbb4260000 - 0x00007ffbb426a000 	C:\WINDOWS\SYSTEM32\VERSION.dll
0x00007ffbc5a90000 - 0x00007ffbc5ac1000 	C:\WINDOWS\System32\IMM32.DLL
0x00007ffb9f040000 - 0x00007ffb9f0db000 	C:\Program Files\Java\jdk-11.0.12\bin\msvcp140.dll
0x00007ffb4e8d0000 - 0x00007ffb4f3cf000 	C:\Program Files\Java\jdk-11.0.12\bin\server\jvm.dll
0x00007ffbc6740000 - 0x00007ffbc6748000 	C:\WINDOWS\System32\PSAPI.DLL
0x00007ffbc25b0000 - 0x00007ffbc25e3000 	C:\WINDOWS\SYSTEM32\WINMM.dll
0x00007ffb9f000000 - 0x00007ffb9f009000 	C:\WINDOWS\SYSTEM32\WSOCK32.dll
0x00007ffbc6bc0000 - 0x00007ffbc6c2f000 	C:\WINDOWS\System32\WS2_32.dll
0x00007ffbc39d0000 - 0x00007ffbc39e8000 	C:\WINDOWS\SYSTEM32\kernel.appcore.dll
0x00007ffbaee50000 - 0x00007ffbaee60000 	C:\Program Files\Java\jdk-11.0.12\bin\verify.dll
0x00007ffbc21e0000 - 0x00007ffbc2401000 	C:\WINDOWS\SYSTEM32\DBGHELP.DLL
0x00007ffbc2570000 - 0x00007ffbc25a1000 	C:\WINDOWS\SYSTEM32\dbgcore.DLL
0x00007ffbc4b20000 - 0x00007ffbc4b9f000 	C:\WINDOWS\System32\bcryptPrimitives.dll
0x00007ffbaa410000 - 0x00007ffbaa438000 	C:\Program Files\Java\jdk-11.0.12\bin\java.dll
0x00007ffbad980000 - 0x00007ffbad98a000 	C:\Program Files\Java\jdk-11.0.12\bin\jimage.dll
0x00007ffbb9600000 - 0x00007ffbb960e000 	C:\Program Files\Java\jdk-11.0.12\bin\instrument.dll
0x00007ffbad830000 - 0x00007ffbad846000 	C:\Program Files\Java\jdk-11.0.12\bin\zip.dll
0x00007ffbc52e0000 - 0x00007ffbc5a8f000 	C:\WINDOWS\System32\SHELL32.dll
0x00007ffbc29c0000 - 0x00007ffbc3228000 	C:\WINDOWS\SYSTEM32\windows.storage.dll
0x00007ffbc6270000 - 0x00007ffbc65e8000 	C:\WINDOWS\System32\combase.dll
0x00007ffbc2850000 - 0x00007ffbc29b6000 	C:\WINDOWS\SYSTEM32\wintypes.dll
0x00007ffbc6e90000 - 0x00007ffbc6f7a000 	C:\WINDOWS\System32\SHCORE.dll
0x00007ffbc5f90000 - 0x00007ffbc5fed000 	C:\WINDOWS\System32\shlwapi.dll
0x00007ffbc47c0000 - 0x00007ffbc47e1000 	C:\WINDOWS\SYSTEM32\profapi.dll
0x00007ffba6cb0000 - 0x00007ffba6cc9000 	C:\Program Files\Java\jdk-11.0.12\bin\net.dll
0x00007ffbba440000 - 0x00007ffbba54c000 	C:\WINDOWS\SYSTEM32\WINHTTP.dll
0x00007ffbc3eb0000 - 0x00007ffbc3f17000 	C:\WINDOWS\system32\mswsock.dll
0x00007ffba6be0000 - 0x00007ffba6bf2000 	C:\Program Files\Java\jdk-11.0.12\bin\nio.dll
0x00007ffbb0b10000 - 0x00007ffbb0b2a000 	C:\Program Files\JetBrains\IntelliJ IDEA 2022.1\bin\breakgen64.dll
0x00007ffbc40f0000 - 0x00007ffbc4108000 	C:\WINDOWS\SYSTEM32\CRYPTSP.dll
0x00007ffbc3930000 - 0x00007ffbc3965000 	C:\WINDOWS\system32\rsaenh.dll
0x00007ffbc3fa0000 - 0x00007ffbc3fc9000 	C:\WINDOWS\SYSTEM32\USERENV.dll
0x00007ffbc4270000 - 0x00007ffbc4297000 	C:\WINDOWS\SYSTEM32\bcrypt.dll
0x00007ffbc4110000 - 0x00007ffbc411c000 	C:\WINDOWS\SYSTEM32\CRYPTBASE.dll
0x00007ffbc3480000 - 0x00007ffbc34ad000 	C:\WINDOWS\SYSTEM32\IPHLPAPI.DLL
0x00007ffbc6260000 - 0x00007ffbc6269000 	C:\WINDOWS\System32\NSI.dll
0x00007ffbba400000 - 0x00007ffbba419000 	C:\WINDOWS\SYSTEM32\dhcpcsvc6.DLL
0x00007ffbba5e0000 - 0x00007ffbba5fe000 	C:\WINDOWS\SYSTEM32\dhcpcsvc.DLL
0x00007ffbc34b0000 - 0x00007ffbc3598000 	C:\WINDOWS\SYSTEM32\DNSAPI.dll
0x00007ffbb0b00000 - 0x00007ffbb0b0a000 	C:\Users\Dell\AppData\Local\Temp\jansi-1.17.1-16363833600813464972.dll
0x00007ffbb0a80000 - 0x00007ffbb0a8a000 	C:\Users\Dell\AppData\Local\Temp\jansi-1.17.1-11297023182100392618.dll

dbghelp: loaded successfully - version: 4.0.5 - missing functions: none
symbol engine: initialized successfully - sym options: 0x614 - pdb path: .;C:\Program Files\Java\jdk-11.0.12\bin;C:\WINDOWS\SYSTEM32;C:\WINDOWS\WinSxS\amd64_microsoft.windows.common-controls_6595b64144ccf1df_6.0.22000.120_none_9d947278b86cc467;C:\Program Files\Java\jdk-11.0.12\bin\server;C:\Program Files\JetBrains\IntelliJ IDEA 2022.1\bin;C:\Users\Dell\AppData\Local\Temp

VM Arguments:
jvm_args: -Dmaven.multiModuleProjectDirectory=D:\Temporary TIP\main_branch\micros-service-simulator\ServiceC -Dmaven.home=C:\Program Files\JetBrains\IntelliJ IDEA 2022.1\plugins\maven\lib\maven3 -Dclassworlds.conf=C:\Program Files\JetBrains\IntelliJ IDEA 2022.1\plugins\maven\lib\maven3\bin\m2.conf -Dmaven.ext.class.path=C:\Program Files\JetBrains\IntelliJ IDEA 2022.1\plugins\maven\lib\maven-event-listener.jar -javaagent:C:\Program Files\JetBrains\IntelliJ IDEA 2022.1\lib\idea_rt.jar=56404:C:\Program Files\JetBrains\IntelliJ IDEA 2022.1\bin -Dfile.encoding=UTF-8 
java_command: org.codehaus.classworlds.Launcher -Didea.version=2022.1 install
java_class_path (initial): C:\Program Files\JetBrains\IntelliJ IDEA 2022.1\plugins\maven\lib\maven3\boot\plexus-classworlds-2.6.0.jar;C:\Program Files\JetBrains\IntelliJ IDEA 2022.1\plugins\maven\lib\maven3\boot\plexus-classworlds.license
Launcher Type: SUN_STANDARD

[Global flags]
     intx CICompilerCount                          = 4                                         {product} {ergonomic}
     uint ConcGCThreads                            = 2                                         {product} {ergonomic}
     uint G1ConcRefinementThreads                  = 8                                         {product} {ergonomic}
   size_t G1HeapRegionSize                         = 1048576                                   {product} {ergonomic}
    uintx GCDrainStackTargetSize                   = 64                                        {product} {ergonomic}
   size_t InitialHeapSize                          = 264241152                                 {product} {ergonomic}
   size_t MarkStackSize                            = 4194304                                   {product} {ergonomic}
   size_t MaxHeapSize                              = 4223664128                                {product} {ergonomic}
   size_t MaxNewSize                               = 2533359616                                {product} {ergonomic}
   size_t MinHeapDeltaBytes                        = 1048576                                   {product} {ergonomic}
    uintx NonNMethodCodeHeapSize                   = 5836300                                {pd product} {ergonomic}
    uintx NonProfiledCodeHeapSize                  = 122910970                              {pd product} {ergonomic}
    uintx ProfiledCodeHeapSize                     = 122910970                              {pd product} {ergonomic}
    uintx ReservedCodeCacheSize                    = 251658240                              {pd product} {ergonomic}
     bool SegmentedCodeCache                       = true                                      {product} {ergonomic}
     bool UseCompressedClassPointers               = true                                 {lp64_product} {ergonomic}
     bool UseCompressedOops                        = true                                 {lp64_product} {ergonomic}
     bool UseG1GC                                  = true                                      {product} {ergonomic}
     bool UseLargePagesIndividualAllocation        = false                                  {pd product} {ergonomic}

Logging:
Log output configuration:
 #0: stdout all=warning uptime,level,tags
 #1: stderr all=off uptime,level,tags

Environment Variables:
PATH=C:\Program Files\NVIDIA GPU Computing Toolkit\CUDA\v11.5\bin;C:\Program Files\NVIDIA GPU Computing Toolkit\CUDA\v11.5\libnvvp;C:\Program Files\Common Files\Oracle\Java\javapath;C:\WINDOWS\system32;C:\WINDOWS;C:\WINDOWS\System32\Wbem;C:\WINDOWS\System32\WindowsPowerShell\v1.0\;C:\WINDOWS\System32\OpenSSH\;C:\Program Files (x86)\PuTTY\;C:\Program Files\nodejs\;C:\Program Files\dotnet\;C:\Program Files (x86)\Windows Kits\8.1\Windows Performance Toolkit\;C:\Program Files\Microsoft SQL Server\110\Tools\Binn\;C:\Program Files (x86)\Microsoft SDKs\TypeScript\1.0\;C:\Program Files\Microsoft SQL Server\120\Tools\Binn\;C:\Program Files\Docker\Docker\resources\bin;C:\ProgramData\DockerDesktop\version-bin;C:\Program Files\Git\cmd;C:\Program Files\NVIDIA Corporation\Nsight Compute 2021.3.1\;C:\Program Files (x86)\NVIDIA Corporation\PhysX\Common;C:\Program Files (x86)\ZED SDK\dependencies\freeglut_2.8\x64;C:\Program Files (x86)\ZED SDK\dependencies\glew-1.12.0\x64;C:\Program Files (x86)\ZED SDK\dependencies\opencv_3.1.0\x64;C:\Program Files (x86)\ZED SDK\bin;D:\Kubernetes;C:\Users\Dell\.amplify\bin;C:\Program Files\MySQL\MySQL Shell 8.0\bin\;C:\Users\Dell\AppData\Local\Programs\Python\Python39\Scripts\;C:\Users\Dell\AppData\Local\Programs\Python\Python39\;C:\Users\Dell\AppData\Local\Microsoft\WindowsApps;C:\Program Files\Java\jdk-11.0.12\bin;C:\Users\Dell\AppData\Roaming\npm;;c:\dapr;C:\Users\Dell\.dapr\bin;C:\Users\Dell\.dapr\bin
USERNAME=Dell
OS=Windows_NT
PROCESSOR_IDENTIFIER=Intel64 Family 6 Model 140 Stepping 1, GenuineIntel



---------------  S Y S T E M  ---------------

OS: Windows 10 , 64 bit Build 22000 (10.0.22000.613)
Hyper-V role detected

CPU:total 8 (initial active 8) (4 cores per cpu, 2 threads per core) family 6 model 140 stepping 1 microcode 0xa4, cmov, cx8, fxsr, mmx, sse, sse2, sse3, ssse3, sse4.1, sse4.2, popcnt, avx, avx2, aes, clmul, erms, 3dnowpref, lzcnt, ht, tsc, tscinvbit, bmi1, bmi2, adx, evex, sha, fma

Memory: 4k page, system-wide physical 16106M (1852M free)
TotalPageFile size 28272M (AvailPageFile size 10M)
current process WorkingSet (physical memory assigned to process): 237M, peak: 240M
current process commit charge ("private bytes"): 425M, peak: 429M

vm_info: Java HotSpot(TM) 64-Bit Server VM (11.0.12+8-LTS-237) for windows-amd64 JRE (11.0.12+8-LTS-237), built on Jun  8 2021 11:25:59 by "mach5one" with MS VC++ 15.9 (VS2017)

END.
